Determining if files select.h exist failed with the following output:
Change Dir: /home/zhangsanbao/Project/School_Things/mariadb-connector-c-3.3.2-src/CMakeFiles/CMakeTmp

Run Build Command(s):/usr/bin/make cmTC_8b213/fast && /usr/bin/make -f CMakeFiles/cmTC_8b213.dir/build.make CMakeFiles/cmTC_8b213.dir/build
make[1]: Entering directory '/home/zhangsanbao/Project/School_Things/mariadb-connector-c-3.3.2-src/CMakeFiles/CMakeTmp'
Building C object CMakeFiles/cmTC_8b213.dir/HAVE_SELECT_H.c.o
/usr/bin/cc   -Wunused -Wlogical-op -Wno-uninitialized -Wall -Wextra -Wformat-security -Wno-init-self -Wwrite-strings -Wshift-count-overflow -Wdeclaration-after-statement -Wno-undef -Wno-unknown-pragmas    -o CMakeFiles/cmTC_8b213.dir/HAVE_SELECT_H.c.o   -c /home/zhangsanbao/Project/School_Things/mariadb-connector-c-3.3.2-src/CMakeFiles/CheckIncludeFiles/HAVE_SELECT_H.c
/home/zhangsanbao/Project/School_Things/mariadb-connector-c-3.3.2-src/CMakeFiles/CheckIncludeFiles/HAVE_SELECT_H.c:2:10: fatal error: select.h: No such file or directory
    2 | #include <select.h>
      |          ^~~~~~~~~~
compilation terminated.
make[1]: *** [CMakeFiles/cmTC_8b213.dir/build.make:66: CMakeFiles/cmTC_8b213.dir/HAVE_SELECT_H.c.o] Error 1
make[1]: Leaving directory '/home/zhangsanbao/Project/School_Things/mariadb-connector-c-3.3.2-src/CMakeFiles/CMakeTmp'
make: *** [Makefile:121: cmTC_8b213/fast] Error 2


Source:
/* */
#include <select.h>


int main(void){return 0;}

Determining if the function alloca exists failed with the following output:
Change Dir: /home/zhangsanbao/Project/School_Things/mariadb-connector-c-3.3.2-src/CMakeFiles/CMakeTmp

Run Build Command(s):/usr/bin/make cmTC_1ceea/fast && /usr/bin/make -f CMakeFiles/cmTC_1ceea.dir/build.make CMakeFiles/cmTC_1ceea.dir/build
make[1]: Entering directory '/home/zhangsanbao/Project/School_Things/mariadb-connector-c-3.3.2-src/CMakeFiles/CMakeTmp'
Building C object CMakeFiles/cmTC_1ceea.dir/CheckFunctionExists.c.o
/usr/bin/cc   -Wunused -Wlogical-op -Wno-uninitialized -Wall -Wextra -Wformat-security -Wno-init-self -Wwrite-strings -Wshift-count-overflow -Wdeclaration-after-statement -Wno-undef -Wno-unknown-pragmas -DCHECK_FUNCTION_EXISTS=alloca   -o CMakeFiles/cmTC_1ceea.dir/CheckFunctionExists.c.o   -c /usr/share/cmake-3.16/Modules/CheckFunctionExists.c
<command-line>: warning: conflicting types for built-in function ‘alloca’; expected ‘void *(long unsigned int)’ [-Wbuiltin-declaration-mismatch]
/usr/share/cmake-3.16/Modules/CheckFunctionExists.c:7:3: note: in expansion of macro ‘CHECK_FUNCTION_EXISTS’
    7 |   CHECK_FUNCTION_EXISTS(void);
      |   ^~~~~~~~~~~~~~~~~~~~~
Linking C executable cmTC_1ceea
/usr/bin/cmake -E cmake_link_script CMakeFiles/cmTC_1ceea.dir/link.txt --verbose=1
/usr/bin/cc  -Wunused -Wlogical-op -Wno-uninitialized -Wall -Wextra -Wformat-security -Wno-init-self -Wwrite-strings -Wshift-count-overflow -Wdeclaration-after-statement -Wno-undef -Wno-unknown-pragmas -DCHECK_FUNCTION_EXISTS=alloca    -rdynamic CMakeFiles/cmTC_1ceea.dir/CheckFunctionExists.c.o  -o cmTC_1ceea 
/usr/bin/ld: CMakeFiles/cmTC_1ceea.dir/CheckFunctionExists.c.o: in function `main':
CheckFunctionExists.c:(.text+0x23): undefined reference to `alloca'
collect2: error: ld returned 1 exit status
make[1]: *** [CMakeFiles/cmTC_1ceea.dir/build.make:87: cmTC_1ceea] Error 1
make[1]: Leaving directory '/home/zhangsanbao/Project/School_Things/mariadb-connector-c-3.3.2-src/CMakeFiles/CMakeTmp'
make: *** [Makefile:121: cmTC_1ceea/fast] Error 2



Determining if the function dlerror exists failed with the following output:
Change Dir: /home/zhangsanbao/Project/School_Things/mariadb-connector-c-3.3.2-src/CMakeFiles/CMakeTmp

Run Build Command(s):/usr/bin/make cmTC_4f5cf/fast && /usr/bin/make -f CMakeFiles/cmTC_4f5cf.dir/build.make CMakeFiles/cmTC_4f5cf.dir/build
make[1]: Entering directory '/home/zhangsanbao/Project/School_Things/mariadb-connector-c-3.3.2-src/CMakeFiles/CMakeTmp'
Building C object CMakeFiles/cmTC_4f5cf.dir/CheckFunctionExists.c.o
/usr/bin/cc   -Wunused -Wlogical-op -Wno-uninitialized -Wall -Wextra -Wformat-security -Wno-init-self -Wwrite-strings -Wshift-count-overflow -Wdeclaration-after-statement -Wno-undef -Wno-unknown-pragmas -DCHECK_FUNCTION_EXISTS=dlerror   -o CMakeFiles/cmTC_4f5cf.dir/CheckFunctionExists.c.o   -c /usr/share/cmake-3.16/Modules/CheckFunctionExists.c
Linking C executable cmTC_4f5cf
/usr/bin/cmake -E cmake_link_script CMakeFiles/cmTC_4f5cf.dir/link.txt --verbose=1
/usr/bin/cc  -Wunused -Wlogical-op -Wno-uninitialized -Wall -Wextra -Wformat-security -Wno-init-self -Wwrite-strings -Wshift-count-overflow -Wdeclaration-after-statement -Wno-undef -Wno-unknown-pragmas -DCHECK_FUNCTION_EXISTS=dlerror    -rdynamic CMakeFiles/cmTC_4f5cf.dir/CheckFunctionExists.c.o  -o cmTC_4f5cf 
/usr/bin/ld: CMakeFiles/cmTC_4f5cf.dir/CheckFunctionExists.c.o: in function `main':
CheckFunctionExists.c:(.text+0x14): undefined reference to `dlerror'
collect2: error: ld returned 1 exit status
make[1]: *** [CMakeFiles/cmTC_4f5cf.dir/build.make:87: cmTC_4f5cf] Error 1
make[1]: Leaving directory '/home/zhangsanbao/Project/School_Things/mariadb-connector-c-3.3.2-src/CMakeFiles/CMakeTmp'
make: *** [Makefile:121: cmTC_4f5cf/fast] Error 2



Determining if the function dlopen exists failed with the following output:
Change Dir: /home/zhangsanbao/Project/School_Things/mariadb-connector-c-3.3.2-src/CMakeFiles/CMakeTmp

Run Build Command(s):/usr/bin/make cmTC_b33cd/fast && /usr/bin/make -f CMakeFiles/cmTC_b33cd.dir/build.make CMakeFiles/cmTC_b33cd.dir/build
make[1]: Entering directory '/home/zhangsanbao/Project/School_Things/mariadb-connector-c-3.3.2-src/CMakeFiles/CMakeTmp'
Building C object CMakeFiles/cmTC_b33cd.dir/CheckFunctionExists.c.o
/usr/bin/cc   -Wunused -Wlogical-op -Wno-uninitialized -Wall -Wextra -Wformat-security -Wno-init-self -Wwrite-strings -Wshift-count-overflow -Wdeclaration-after-statement -Wno-undef -Wno-unknown-pragmas -DCHECK_FUNCTION_EXISTS=dlopen   -o CMakeFiles/cmTC_b33cd.dir/CheckFunctionExists.c.o   -c /usr/share/cmake-3.16/Modules/CheckFunctionExists.c
Linking C executable cmTC_b33cd
/usr/bin/cmake -E cmake_link_script CMakeFiles/cmTC_b33cd.dir/link.txt --verbose=1
/usr/bin/cc  -Wunused -Wlogical-op -Wno-uninitialized -Wall -Wextra -Wformat-security -Wno-init-self -Wwrite-strings -Wshift-count-overflow -Wdeclaration-after-statement -Wno-undef -Wno-unknown-pragmas -DCHECK_FUNCTION_EXISTS=dlopen    -rdynamic CMakeFiles/cmTC_b33cd.dir/CheckFunctionExists.c.o  -o cmTC_b33cd 
/usr/bin/ld: CMakeFiles/cmTC_b33cd.dir/CheckFunctionExists.c.o: in function `main':
CheckFunctionExists.c:(.text+0x14): undefined reference to `dlopen'
collect2: error: ld returned 1 exit status
make[1]: *** [CMakeFiles/cmTC_b33cd.dir/build.make:87: cmTC_b33cd] Error 1
make[1]: Leaving directory '/home/zhangsanbao/Project/School_Things/mariadb-connector-c-3.3.2-src/CMakeFiles/CMakeTmp'
make: *** [Makefile:121: cmTC_b33cd/fast] Error 2



Determining size of int8 failed with the following output:
Change Dir: /home/zhangsanbao/Project/School_Things/mariadb-connector-c-3.3.2-src/CMakeFiles/CMakeTmp

Run Build Command(s):/usr/bin/make cmTC_2cd08/fast && /usr/bin/make -f CMakeFiles/cmTC_2cd08.dir/build.make CMakeFiles/cmTC_2cd08.dir/build
make[1]: Entering directory '/home/zhangsanbao/Project/School_Things/mariadb-connector-c-3.3.2-src/CMakeFiles/CMakeTmp'
Building C object CMakeFiles/cmTC_2cd08.dir/SIZEOF_INT8.c.o
/usr/bin/cc   -Wunused -Wlogical-op -Wno-uninitialized -Wall -Wextra -Wformat-security -Wno-init-self -Wwrite-strings -Wshift-count-overflow -Wdeclaration-after-statement -Wno-undef -Wno-unknown-pragmas    -o CMakeFiles/cmTC_2cd08.dir/SIZEOF_INT8.c.o   -c /home/zhangsanbao/Project/School_Things/mariadb-connector-c-3.3.2-src/CMakeFiles/CheckTypeSize/SIZEOF_INT8.c
/home/zhangsanbao/Project/School_Things/mariadb-connector-c-3.3.2-src/CMakeFiles/CheckTypeSize/SIZEOF_INT8.c:24:22: error: ‘int8’ undeclared here (not in a function); did you mean ‘int’?
   24 | #define SIZE (sizeof(int8))
      |                      ^~~~
/home/zhangsanbao/Project/School_Things/mariadb-connector-c-3.3.2-src/CMakeFiles/CheckTypeSize/SIZEOF_INT8.c:26:12: note: in expansion of macro ‘SIZE’
   26 |   ('0' + ((SIZE / 10000)%10)),
      |            ^~~~
make[1]: *** [CMakeFiles/cmTC_2cd08.dir/build.make:66: CMakeFiles/cmTC_2cd08.dir/SIZEOF_INT8.c.o] Error 1
make[1]: Leaving directory '/home/zhangsanbao/Project/School_Things/mariadb-connector-c-3.3.2-src/CMakeFiles/CMakeTmp'
make: *** [Makefile:121: cmTC_2cd08/fast] Error 2


/home/zhangsanbao/Project/School_Things/mariadb-connector-c-3.3.2-src/CMakeFiles/CheckTypeSize/SIZEOF_INT8.c:
#include <sys/types.h>
#include <stdint.h>
#include <stddef.h>
#include "sys/types.h"


#undef KEY
#if defined(__i386)
# define KEY '_','_','i','3','8','6'
#elif defined(__x86_64)
# define KEY '_','_','x','8','6','_','6','4'
#elif defined(__ppc__)
# define KEY '_','_','p','p','c','_','_'
#elif defined(__ppc64__)
# define KEY '_','_','p','p','c','6','4','_','_'
#elif defined(__aarch64__)
# define KEY '_','_','a','a','r','c','h','6','4','_','_'
#elif defined(__ARM_ARCH_7A__)
# define KEY '_','_','A','R','M','_','A','R','C','H','_','7','A','_','_'
#elif defined(__ARM_ARCH_7S__)
# define KEY '_','_','A','R','M','_','A','R','C','H','_','7','S','_','_'
#endif

#define SIZE (sizeof(int8))
static char info_size[] =  {'I', 'N', 'F', 'O', ':', 's','i','z','e','[',
  ('0' + ((SIZE / 10000)%10)),
  ('0' + ((SIZE / 1000)%10)),
  ('0' + ((SIZE / 100)%10)),
  ('0' + ((SIZE / 10)%10)),
  ('0' +  (SIZE    % 10)),
  ']',
#ifdef KEY
  ' ','k','e','y','[', KEY, ']',
#endif
  '\0'};

#ifdef __CLASSIC_C__
int main(argc, argv) int argc; char *argv[];
#else
int main(int argc, char *argv[])
#endif
{
  int require = 0;
  require += info_size[argc];
  (void)argv;
  return require;
}


Determining size of uint8 failed with the following output:
Change Dir: /home/zhangsanbao/Project/School_Things/mariadb-connector-c-3.3.2-src/CMakeFiles/CMakeTmp

Run Build Command(s):/usr/bin/make cmTC_48c8c/fast && /usr/bin/make -f CMakeFiles/cmTC_48c8c.dir/build.make CMakeFiles/cmTC_48c8c.dir/build
make[1]: Entering directory '/home/zhangsanbao/Project/School_Things/mariadb-connector-c-3.3.2-src/CMakeFiles/CMakeTmp'
Building C object CMakeFiles/cmTC_48c8c.dir/SIZEOF_UINT8.c.o
/usr/bin/cc   -Wunused -Wlogical-op -Wno-uninitialized -Wall -Wextra -Wformat-security -Wno-init-self -Wwrite-strings -Wshift-count-overflow -Wdeclaration-after-statement -Wno-undef -Wno-unknown-pragmas    -o CMakeFiles/cmTC_48c8c.dir/SIZEOF_UINT8.c.o   -c /home/zhangsanbao/Project/School_Things/mariadb-connector-c-3.3.2-src/CMakeFiles/CheckTypeSize/SIZEOF_UINT8.c
/home/zhangsanbao/Project/School_Things/mariadb-connector-c-3.3.2-src/CMakeFiles/CheckTypeSize/SIZEOF_UINT8.c:24:22: error: ‘uint8’ undeclared here (not in a function); did you mean ‘uint’?
   24 | #define SIZE (sizeof(uint8))
      |                      ^~~~~
/home/zhangsanbao/Project/School_Things/mariadb-connector-c-3.3.2-src/CMakeFiles/CheckTypeSize/SIZEOF_UINT8.c:26:12: note: in expansion of macro ‘SIZE’
   26 |   ('0' + ((SIZE / 10000)%10)),
      |            ^~~~
make[1]: *** [CMakeFiles/cmTC_48c8c.dir/build.make:66: CMakeFiles/cmTC_48c8c.dir/SIZEOF_UINT8.c.o] Error 1
make[1]: Leaving directory '/home/zhangsanbao/Project/School_Things/mariadb-connector-c-3.3.2-src/CMakeFiles/CMakeTmp'
make: *** [Makefile:121: cmTC_48c8c/fast] Error 2


/home/zhangsanbao/Project/School_Things/mariadb-connector-c-3.3.2-src/CMakeFiles/CheckTypeSize/SIZEOF_UINT8.c:
#include <sys/types.h>
#include <stdint.h>
#include <stddef.h>
#include "sys/types.h"


#undef KEY
#if defined(__i386)
# define KEY '_','_','i','3','8','6'
#elif defined(__x86_64)
# define KEY '_','_','x','8','6','_','6','4'
#elif defined(__ppc__)
# define KEY '_','_','p','p','c','_','_'
#elif defined(__ppc64__)
# define KEY '_','_','p','p','c','6','4','_','_'
#elif defined(__aarch64__)
# define KEY '_','_','a','a','r','c','h','6','4','_','_'
#elif defined(__ARM_ARCH_7A__)
# define KEY '_','_','A','R','M','_','A','R','C','H','_','7','A','_','_'
#elif defined(__ARM_ARCH_7S__)
# define KEY '_','_','A','R','M','_','A','R','C','H','_','7','S','_','_'
#endif

#define SIZE (sizeof(uint8))
static char info_size[] =  {'I', 'N', 'F', 'O', ':', 's','i','z','e','[',
  ('0' + ((SIZE / 10000)%10)),
  ('0' + ((SIZE / 1000)%10)),
  ('0' + ((SIZE / 100)%10)),
  ('0' + ((SIZE / 10)%10)),
  ('0' +  (SIZE    % 10)),
  ']',
#ifdef KEY
  ' ','k','e','y','[', KEY, ']',
#endif
  '\0'};

#ifdef __CLASSIC_C__
int main(argc, argv) int argc; char *argv[];
#else
int main(int argc, char *argv[])
#endif
{
  int require = 0;
  require += info_size[argc];
  (void)argv;
  return require;
}


Determining size of int16 failed with the following output:
Change Dir: /home/zhangsanbao/Project/School_Things/mariadb-connector-c-3.3.2-src/CMakeFiles/CMakeTmp

Run Build Command(s):/usr/bin/make cmTC_6b275/fast && /usr/bin/make -f CMakeFiles/cmTC_6b275.dir/build.make CMakeFiles/cmTC_6b275.dir/build
make[1]: Entering directory '/home/zhangsanbao/Project/School_Things/mariadb-connector-c-3.3.2-src/CMakeFiles/CMakeTmp'
Building C object CMakeFiles/cmTC_6b275.dir/SIZEOF_INT16.c.o
/usr/bin/cc   -Wunused -Wlogical-op -Wno-uninitialized -Wall -Wextra -Wformat-security -Wno-init-self -Wwrite-strings -Wshift-count-overflow -Wdeclaration-after-statement -Wno-undef -Wno-unknown-pragmas    -o CMakeFiles/cmTC_6b275.dir/SIZEOF_INT16.c.o   -c /home/zhangsanbao/Project/School_Things/mariadb-connector-c-3.3.2-src/CMakeFiles/CheckTypeSize/SIZEOF_INT16.c
/home/zhangsanbao/Project/School_Things/mariadb-connector-c-3.3.2-src/CMakeFiles/CheckTypeSize/SIZEOF_INT16.c:24:22: error: ‘int16’ undeclared here (not in a function); did you mean ‘int16_t’?
   24 | #define SIZE (sizeof(int16))
      |                      ^~~~~
/home/zhangsanbao/Project/School_Things/mariadb-connector-c-3.3.2-src/CMakeFiles/CheckTypeSize/SIZEOF_INT16.c:26:12: note: in expansion of macro ‘SIZE’
   26 |   ('0' + ((SIZE / 10000)%10)),
      |            ^~~~
make[1]: *** [CMakeFiles/cmTC_6b275.dir/build.make:66: CMakeFiles/cmTC_6b275.dir/SIZEOF_INT16.c.o] Error 1
make[1]: Leaving directory '/home/zhangsanbao/Project/School_Things/mariadb-connector-c-3.3.2-src/CMakeFiles/CMakeTmp'
make: *** [Makefile:121: cmTC_6b275/fast] Error 2


/home/zhangsanbao/Project/School_Things/mariadb-connector-c-3.3.2-src/CMakeFiles/CheckTypeSize/SIZEOF_INT16.c:
#include <sys/types.h>
#include <stdint.h>
#include <stddef.h>
#include "sys/types.h"


#undef KEY
#if defined(__i386)
# define KEY '_','_','i','3','8','6'
#elif defined(__x86_64)
# define KEY '_','_','x','8','6','_','6','4'
#elif defined(__ppc__)
# define KEY '_','_','p','p','c','_','_'
#elif defined(__ppc64__)
# define KEY '_','_','p','p','c','6','4','_','_'
#elif defined(__aarch64__)
# define KEY '_','_','a','a','r','c','h','6','4','_','_'
#elif defined(__ARM_ARCH_7A__)
# define KEY '_','_','A','R','M','_','A','R','C','H','_','7','A','_','_'
#elif defined(__ARM_ARCH_7S__)
# define KEY '_','_','A','R','M','_','A','R','C','H','_','7','S','_','_'
#endif

#define SIZE (sizeof(int16))
static char info_size[] =  {'I', 'N', 'F', 'O', ':', 's','i','z','e','[',
  ('0' + ((SIZE / 10000)%10)),
  ('0' + ((SIZE / 1000)%10)),
  ('0' + ((SIZE / 100)%10)),
  ('0' + ((SIZE / 10)%10)),
  ('0' +  (SIZE    % 10)),
  ']',
#ifdef KEY
  ' ','k','e','y','[', KEY, ']',
#endif
  '\0'};

#ifdef __CLASSIC_C__
int main(argc, argv) int argc; char *argv[];
#else
int main(int argc, char *argv[])
#endif
{
  int require = 0;
  require += info_size[argc];
  (void)argv;
  return require;
}


Determining size of uint16 failed with the following output:
Change Dir: /home/zhangsanbao/Project/School_Things/mariadb-connector-c-3.3.2-src/CMakeFiles/CMakeTmp

Run Build Command(s):/usr/bin/make cmTC_d2c88/fast && /usr/bin/make -f CMakeFiles/cmTC_d2c88.dir/build.make CMakeFiles/cmTC_d2c88.dir/build
make[1]: Entering directory '/home/zhangsanbao/Project/School_Things/mariadb-connector-c-3.3.2-src/CMakeFiles/CMakeTmp'
Building C object CMakeFiles/cmTC_d2c88.dir/SIZEOF_UINT16.c.o
/usr/bin/cc   -Wunused -Wlogical-op -Wno-uninitialized -Wall -Wextra -Wformat-security -Wno-init-self -Wwrite-strings -Wshift-count-overflow -Wdeclaration-after-statement -Wno-undef -Wno-unknown-pragmas    -o CMakeFiles/cmTC_d2c88.dir/SIZEOF_UINT16.c.o   -c /home/zhangsanbao/Project/School_Things/mariadb-connector-c-3.3.2-src/CMakeFiles/CheckTypeSize/SIZEOF_UINT16.c
/home/zhangsanbao/Project/School_Things/mariadb-connector-c-3.3.2-src/CMakeFiles/CheckTypeSize/SIZEOF_UINT16.c:24:22: error: ‘uint16’ undeclared here (not in a function); did you mean ‘uint16_t’?
   24 | #define SIZE (sizeof(uint16))
      |                      ^~~~~~
/home/zhangsanbao/Project/School_Things/mariadb-connector-c-3.3.2-src/CMakeFiles/CheckTypeSize/SIZEOF_UINT16.c:26:12: note: in expansion of macro ‘SIZE’
   26 |   ('0' + ((SIZE / 10000)%10)),
      |            ^~~~
make[1]: *** [CMakeFiles/cmTC_d2c88.dir/build.make:66: CMakeFiles/cmTC_d2c88.dir/SIZEOF_UINT16.c.o] Error 1
make[1]: Leaving directory '/home/zhangsanbao/Project/School_Things/mariadb-connector-c-3.3.2-src/CMakeFiles/CMakeTmp'
make: *** [Makefile:121: cmTC_d2c88/fast] Error 2


/home/zhangsanbao/Project/School_Things/mariadb-connector-c-3.3.2-src/CMakeFiles/CheckTypeSize/SIZEOF_UINT16.c:
#include <sys/types.h>
#include <stdint.h>
#include <stddef.h>
#include "sys/types.h"


#undef KEY
#if defined(__i386)
# define KEY '_','_','i','3','8','6'
#elif defined(__x86_64)
# define KEY '_','_','x','8','6','_','6','4'
#elif defined(__ppc__)
# define KEY '_','_','p','p','c','_','_'
#elif defined(__ppc64__)
# define KEY '_','_','p','p','c','6','4','_','_'
#elif defined(__aarch64__)
# define KEY '_','_','a','a','r','c','h','6','4','_','_'
#elif defined(__ARM_ARCH_7A__)
# define KEY '_','_','A','R','M','_','A','R','C','H','_','7','A','_','_'
#elif defined(__ARM_ARCH_7S__)
# define KEY '_','_','A','R','M','_','A','R','C','H','_','7','S','_','_'
#endif

#define SIZE (sizeof(uint16))
static char info_size[] =  {'I', 'N', 'F', 'O', ':', 's','i','z','e','[',
  ('0' + ((SIZE / 10000)%10)),
  ('0' + ((SIZE / 1000)%10)),
  ('0' + ((SIZE / 100)%10)),
  ('0' + ((SIZE / 10)%10)),
  ('0' +  (SIZE    % 10)),
  ']',
#ifdef KEY
  ' ','k','e','y','[', KEY, ']',
#endif
  '\0'};

#ifdef __CLASSIC_C__
int main(argc, argv) int argc; char *argv[];
#else
int main(int argc, char *argv[])
#endif
{
  int require = 0;
  require += info_size[argc];
  (void)argv;
  return require;
}


Determining size of int32 failed with the following output:
Change Dir: /home/zhangsanbao/Project/School_Things/mariadb-connector-c-3.3.2-src/CMakeFiles/CMakeTmp

Run Build Command(s):/usr/bin/make cmTC_62a7a/fast && /usr/bin/make -f CMakeFiles/cmTC_62a7a.dir/build.make CMakeFiles/cmTC_62a7a.dir/build
make[1]: Entering directory '/home/zhangsanbao/Project/School_Things/mariadb-connector-c-3.3.2-src/CMakeFiles/CMakeTmp'
Building C object CMakeFiles/cmTC_62a7a.dir/SIZEOF_INT32.c.o
/usr/bin/cc   -Wunused -Wlogical-op -Wno-uninitialized -Wall -Wextra -Wformat-security -Wno-init-self -Wwrite-strings -Wshift-count-overflow -Wdeclaration-after-statement -Wno-undef -Wno-unknown-pragmas    -o CMakeFiles/cmTC_62a7a.dir/SIZEOF_INT32.c.o   -c /home/zhangsanbao/Project/School_Things/mariadb-connector-c-3.3.2-src/CMakeFiles/CheckTypeSize/SIZEOF_INT32.c
/home/zhangsanbao/Project/School_Things/mariadb-connector-c-3.3.2-src/CMakeFiles/CheckTypeSize/SIZEOF_INT32.c:24:22: error: ‘int32’ undeclared here (not in a function); did you mean ‘int32_t’?
   24 | #define SIZE (sizeof(int32))
      |                      ^~~~~
/home/zhangsanbao/Project/School_Things/mariadb-connector-c-3.3.2-src/CMakeFiles/CheckTypeSize/SIZEOF_INT32.c:26:12: note: in expansion of macro ‘SIZE’
   26 |   ('0' + ((SIZE / 10000)%10)),
      |            ^~~~
make[1]: *** [CMakeFiles/cmTC_62a7a.dir/build.make:66: CMakeFiles/cmTC_62a7a.dir/SIZEOF_INT32.c.o] Error 1
make[1]: Leaving directory '/home/zhangsanbao/Project/School_Things/mariadb-connector-c-3.3.2-src/CMakeFiles/CMakeTmp'
make: *** [Makefile:121: cmTC_62a7a/fast] Error 2


/home/zhangsanbao/Project/School_Things/mariadb-connector-c-3.3.2-src/CMakeFiles/CheckTypeSize/SIZEOF_INT32.c:
#include <sys/types.h>
#include <stdint.h>
#include <stddef.h>
#include "sys/types.h"


#undef KEY
#if defined(__i386)
# define KEY '_','_','i','3','8','6'
#elif defined(__x86_64)
# define KEY '_','_','x','8','6','_','6','4'
#elif defined(__ppc__)
# define KEY '_','_','p','p','c','_','_'
#elif defined(__ppc64__)
# define KEY '_','_','p','p','c','6','4','_','_'
#elif defined(__aarch64__)
# define KEY '_','_','a','a','r','c','h','6','4','_','_'
#elif defined(__ARM_ARCH_7A__)
# define KEY '_','_','A','R','M','_','A','R','C','H','_','7','A','_','_'
#elif defined(__ARM_ARCH_7S__)
# define KEY '_','_','A','R','M','_','A','R','C','H','_','7','S','_','_'
#endif

#define SIZE (sizeof(int32))
static char info_size[] =  {'I', 'N', 'F', 'O', ':', 's','i','z','e','[',
  ('0' + ((SIZE / 10000)%10)),
  ('0' + ((SIZE / 1000)%10)),
  ('0' + ((SIZE / 100)%10)),
  ('0' + ((SIZE / 10)%10)),
  ('0' +  (SIZE    % 10)),
  ']',
#ifdef KEY
  ' ','k','e','y','[', KEY, ']',
#endif
  '\0'};

#ifdef __CLASSIC_C__
int main(argc, argv) int argc; char *argv[];
#else
int main(int argc, char *argv[])
#endif
{
  int require = 0;
  require += info_size[argc];
  (void)argv;
  return require;
}


Determining size of uint32 failed with the following output:
Change Dir: /home/zhangsanbao/Project/School_Things/mariadb-connector-c-3.3.2-src/CMakeFiles/CMakeTmp

Run Build Command(s):/usr/bin/make cmTC_dec18/fast && /usr/bin/make -f CMakeFiles/cmTC_dec18.dir/build.make CMakeFiles/cmTC_dec18.dir/build
make[1]: Entering directory '/home/zhangsanbao/Project/School_Things/mariadb-connector-c-3.3.2-src/CMakeFiles/CMakeTmp'
Building C object CMakeFiles/cmTC_dec18.dir/SIZEOF_UINT32.c.o
/usr/bin/cc   -Wunused -Wlogical-op -Wno-uninitialized -Wall -Wextra -Wformat-security -Wno-init-self -Wwrite-strings -Wshift-count-overflow -Wdeclaration-after-statement -Wno-undef -Wno-unknown-pragmas    -o CMakeFiles/cmTC_dec18.dir/SIZEOF_UINT32.c.o   -c /home/zhangsanbao/Project/School_Things/mariadb-connector-c-3.3.2-src/CMakeFiles/CheckTypeSize/SIZEOF_UINT32.c
/home/zhangsanbao/Project/School_Things/mariadb-connector-c-3.3.2-src/CMakeFiles/CheckTypeSize/SIZEOF_UINT32.c:24:22: error: ‘uint32’ undeclared here (not in a function); did you mean ‘uint32_t’?
   24 | #define SIZE (sizeof(uint32))
      |                      ^~~~~~
/home/zhangsanbao/Project/School_Things/mariadb-connector-c-3.3.2-src/CMakeFiles/CheckTypeSize/SIZEOF_UINT32.c:26:12: note: in expansion of macro ‘SIZE’
   26 |   ('0' + ((SIZE / 10000)%10)),
      |            ^~~~
make[1]: *** [CMakeFiles/cmTC_dec18.dir/build.make:66: CMakeFiles/cmTC_dec18.dir/SIZEOF_UINT32.c.o] Error 1
make[1]: Leaving directory '/home/zhangsanbao/Project/School_Things/mariadb-connector-c-3.3.2-src/CMakeFiles/CMakeTmp'
make: *** [Makefile:121: cmTC_dec18/fast] Error 2


/home/zhangsanbao/Project/School_Things/mariadb-connector-c-3.3.2-src/CMakeFiles/CheckTypeSize/SIZEOF_UINT32.c:
#include <sys/types.h>
#include <stdint.h>
#include <stddef.h>
#include "sys/types.h"


#undef KEY
#if defined(__i386)
# define KEY '_','_','i','3','8','6'
#elif defined(__x86_64)
# define KEY '_','_','x','8','6','_','6','4'
#elif defined(__ppc__)
# define KEY '_','_','p','p','c','_','_'
#elif defined(__ppc64__)
# define KEY '_','_','p','p','c','6','4','_','_'
#elif defined(__aarch64__)
# define KEY '_','_','a','a','r','c','h','6','4','_','_'
#elif defined(__ARM_ARCH_7A__)
# define KEY '_','_','A','R','M','_','A','R','C','H','_','7','A','_','_'
#elif defined(__ARM_ARCH_7S__)
# define KEY '_','_','A','R','M','_','A','R','C','H','_','7','S','_','_'
#endif

#define SIZE (sizeof(uint32))
static char info_size[] =  {'I', 'N', 'F', 'O', ':', 's','i','z','e','[',
  ('0' + ((SIZE / 10000)%10)),
  ('0' + ((SIZE / 1000)%10)),
  ('0' + ((SIZE / 100)%10)),
  ('0' + ((SIZE / 10)%10)),
  ('0' +  (SIZE    % 10)),
  ']',
#ifdef KEY
  ' ','k','e','y','[', KEY, ']',
#endif
  '\0'};

#ifdef __CLASSIC_C__
int main(argc, argv) int argc; char *argv[];
#else
int main(int argc, char *argv[])
#endif
{
  int require = 0;
  require += info_size[argc];
  (void)argv;
  return require;
}


Determining size of int64 failed with the following output:
Change Dir: /home/zhangsanbao/Project/School_Things/mariadb-connector-c-3.3.2-src/CMakeFiles/CMakeTmp

Run Build Command(s):/usr/bin/make cmTC_81807/fast && /usr/bin/make -f CMakeFiles/cmTC_81807.dir/build.make CMakeFiles/cmTC_81807.dir/build
make[1]: Entering directory '/home/zhangsanbao/Project/School_Things/mariadb-connector-c-3.3.2-src/CMakeFiles/CMakeTmp'
Building C object CMakeFiles/cmTC_81807.dir/SIZEOF_INT64.c.o
/usr/bin/cc   -Wunused -Wlogical-op -Wno-uninitialized -Wall -Wextra -Wformat-security -Wno-init-self -Wwrite-strings -Wshift-count-overflow -Wdeclaration-after-statement -Wno-undef -Wno-unknown-pragmas    -o CMakeFiles/cmTC_81807.dir/SIZEOF_INT64.c.o   -c /home/zhangsanbao/Project/School_Things/mariadb-connector-c-3.3.2-src/CMakeFiles/CheckTypeSize/SIZEOF_INT64.c
/home/zhangsanbao/Project/School_Things/mariadb-connector-c-3.3.2-src/CMakeFiles/CheckTypeSize/SIZEOF_INT64.c:24:22: error: ‘int64’ undeclared here (not in a function); did you mean ‘int64_t’?
   24 | #define SIZE (sizeof(int64))
      |                      ^~~~~
/home/zhangsanbao/Project/School_Things/mariadb-connector-c-3.3.2-src/CMakeFiles/CheckTypeSize/SIZEOF_INT64.c:26:12: note: in expansion of macro ‘SIZE’
   26 |   ('0' + ((SIZE / 10000)%10)),
      |            ^~~~
make[1]: *** [CMakeFiles/cmTC_81807.dir/build.make:66: CMakeFiles/cmTC_81807.dir/SIZEOF_INT64.c.o] Error 1
make[1]: Leaving directory '/home/zhangsanbao/Project/School_Things/mariadb-connector-c-3.3.2-src/CMakeFiles/CMakeTmp'
make: *** [Makefile:121: cmTC_81807/fast] Error 2


/home/zhangsanbao/Project/School_Things/mariadb-connector-c-3.3.2-src/CMakeFiles/CheckTypeSize/SIZEOF_INT64.c:
#include <sys/types.h>
#include <stdint.h>
#include <stddef.h>
#include "sys/types.h"


#undef KEY
#if defined(__i386)
# define KEY '_','_','i','3','8','6'
#elif defined(__x86_64)
# define KEY '_','_','x','8','6','_','6','4'
#elif defined(__ppc__)
# define KEY '_','_','p','p','c','_','_'
#elif defined(__ppc64__)
# define KEY '_','_','p','p','c','6','4','_','_'
#elif defined(__aarch64__)
# define KEY '_','_','a','a','r','c','h','6','4','_','_'
#elif defined(__ARM_ARCH_7A__)
# define KEY '_','_','A','R','M','_','A','R','C','H','_','7','A','_','_'
#elif defined(__ARM_ARCH_7S__)
# define KEY '_','_','A','R','M','_','A','R','C','H','_','7','S','_','_'
#endif

#define SIZE (sizeof(int64))
static char info_size[] =  {'I', 'N', 'F', 'O', ':', 's','i','z','e','[',
  ('0' + ((SIZE / 10000)%10)),
  ('0' + ((SIZE / 1000)%10)),
  ('0' + ((SIZE / 100)%10)),
  ('0' + ((SIZE / 10)%10)),
  ('0' +  (SIZE    % 10)),
  ']',
#ifdef KEY
  ' ','k','e','y','[', KEY, ']',
#endif
  '\0'};

#ifdef __CLASSIC_C__
int main(argc, argv) int argc; char *argv[];
#else
int main(int argc, char *argv[])
#endif
{
  int require = 0;
  require += info_size[argc];
  (void)argv;
  return require;
}


Determining size of uint64 failed with the following output:
Change Dir: /home/zhangsanbao/Project/School_Things/mariadb-connector-c-3.3.2-src/CMakeFiles/CMakeTmp

Run Build Command(s):/usr/bin/make cmTC_b8a0a/fast && /usr/bin/make -f CMakeFiles/cmTC_b8a0a.dir/build.make CMakeFiles/cmTC_b8a0a.dir/build
make[1]: Entering directory '/home/zhangsanbao/Project/School_Things/mariadb-connector-c-3.3.2-src/CMakeFiles/CMakeTmp'
Building C object CMakeFiles/cmTC_b8a0a.dir/SIZEOF_UINT64.c.o
/usr/bin/cc   -Wunused -Wlogical-op -Wno-uninitialized -Wall -Wextra -Wformat-security -Wno-init-self -Wwrite-strings -Wshift-count-overflow -Wdeclaration-after-statement -Wno-undef -Wno-unknown-pragmas    -o CMakeFiles/cmTC_b8a0a.dir/SIZEOF_UINT64.c.o   -c /home/zhangsanbao/Project/School_Things/mariadb-connector-c-3.3.2-src/CMakeFiles/CheckTypeSize/SIZEOF_UINT64.c
/home/zhangsanbao/Project/School_Things/mariadb-connector-c-3.3.2-src/CMakeFiles/CheckTypeSize/SIZEOF_UINT64.c:24:22: error: ‘uint64’ undeclared here (not in a function); did you mean ‘uint64_t’?
   24 | #define SIZE (sizeof(uint64))
      |                      ^~~~~~
/home/zhangsanbao/Project/School_Things/mariadb-connector-c-3.3.2-src/CMakeFiles/CheckTypeSize/SIZEOF_UINT64.c:26:12: note: in expansion of macro ‘SIZE’
   26 |   ('0' + ((SIZE / 10000)%10)),
      |            ^~~~
make[1]: *** [CMakeFiles/cmTC_b8a0a.dir/build.make:66: CMakeFiles/cmTC_b8a0a.dir/SIZEOF_UINT64.c.o] Error 1
make[1]: Leaving directory '/home/zhangsanbao/Project/School_Things/mariadb-connector-c-3.3.2-src/CMakeFiles/CMakeTmp'
make: *** [Makefile:121: cmTC_b8a0a/fast] Error 2


/home/zhangsanbao/Project/School_Things/mariadb-connector-c-3.3.2-src/CMakeFiles/CheckTypeSize/SIZEOF_UINT64.c:
#include <sys/types.h>
#include <stdint.h>
#include <stddef.h>
#include "sys/types.h"


#undef KEY
#if defined(__i386)
# define KEY '_','_','i','3','8','6'
#elif defined(__x86_64)
# define KEY '_','_','x','8','6','_','6','4'
#elif defined(__ppc__)
# define KEY '_','_','p','p','c','_','_'
#elif defined(__ppc64__)
# define KEY '_','_','p','p','c','6','4','_','_'
#elif defined(__aarch64__)
# define KEY '_','_','a','a','r','c','h','6','4','_','_'
#elif defined(__ARM_ARCH_7A__)
# define KEY '_','_','A','R','M','_','A','R','C','H','_','7','A','_','_'
#elif defined(__ARM_ARCH_7S__)
# define KEY '_','_','A','R','M','_','A','R','C','H','_','7','S','_','_'
#endif

#define SIZE (sizeof(uint64))
static char info_size[] =  {'I', 'N', 'F', 'O', ':', 's','i','z','e','[',
  ('0' + ((SIZE / 10000)%10)),
  ('0' + ((SIZE / 1000)%10)),
  ('0' + ((SIZE / 100)%10)),
  ('0' + ((SIZE / 10)%10)),
  ('0' +  (SIZE    % 10)),
  ']',
#ifdef KEY
  ' ','k','e','y','[', KEY, ']',
#endif
  '\0'};

#ifdef __CLASSIC_C__
int main(argc, argv) int argc; char *argv[];
#else
int main(int argc, char *argv[])
#endif
{
  int require = 0;
  require += info_size[argc];
  (void)argv;
  return require;
}


Determining size of socklen_t failed with the following output:
Change Dir: /home/zhangsanbao/Project/School_Things/mariadb-connector-c-3.3.2-src/CMakeFiles/CMakeTmp

Run Build Command(s):/usr/bin/make cmTC_b7fe9/fast && /usr/bin/make -f CMakeFiles/cmTC_b7fe9.dir/build.make CMakeFiles/cmTC_b7fe9.dir/build
make[1]: Entering directory '/home/zhangsanbao/Project/School_Things/mariadb-connector-c-3.3.2-src/CMakeFiles/CMakeTmp'
Building C object CMakeFiles/cmTC_b7fe9.dir/SIZEOF_SOCKLEN_T.c.o
/usr/bin/cc   -Wunused -Wlogical-op -Wno-uninitialized -Wall -Wextra -Wformat-security -Wno-init-self -Wwrite-strings -Wshift-count-overflow -Wdeclaration-after-statement -Wno-undef -Wno-unknown-pragmas    -o CMakeFiles/cmTC_b7fe9.dir/SIZEOF_SOCKLEN_T.c.o   -c /home/zhangsanbao/Project/School_Things/mariadb-connector-c-3.3.2-src/CMakeFiles/CheckTypeSize/SIZEOF_SOCKLEN_T.c
/home/zhangsanbao/Project/School_Things/mariadb-connector-c-3.3.2-src/CMakeFiles/CheckTypeSize/SIZEOF_SOCKLEN_T.c:24:22: error: ‘socklen_t’ undeclared here (not in a function)
   24 | #define SIZE (sizeof(socklen_t))
      |                      ^~~~~~~~~
/home/zhangsanbao/Project/School_Things/mariadb-connector-c-3.3.2-src/CMakeFiles/CheckTypeSize/SIZEOF_SOCKLEN_T.c:26:12: note: in expansion of macro ‘SIZE’
   26 |   ('0' + ((SIZE / 10000)%10)),
      |            ^~~~
make[1]: *** [CMakeFiles/cmTC_b7fe9.dir/build.make:66: CMakeFiles/cmTC_b7fe9.dir/SIZEOF_SOCKLEN_T.c.o] Error 1
make[1]: Leaving directory '/home/zhangsanbao/Project/School_Things/mariadb-connector-c-3.3.2-src/CMakeFiles/CMakeTmp'
make: *** [Makefile:121: cmTC_b7fe9/fast] Error 2


/home/zhangsanbao/Project/School_Things/mariadb-connector-c-3.3.2-src/CMakeFiles/CheckTypeSize/SIZEOF_SOCKLEN_T.c:
#include <sys/types.h>
#include <stdint.h>
#include <stddef.h>
#include "sys/types.h"


#undef KEY
#if defined(__i386)
# define KEY '_','_','i','3','8','6'
#elif defined(__x86_64)
# define KEY '_','_','x','8','6','_','6','4'
#elif defined(__ppc__)
# define KEY '_','_','p','p','c','_','_'
#elif defined(__ppc64__)
# define KEY '_','_','p','p','c','6','4','_','_'
#elif defined(__aarch64__)
# define KEY '_','_','a','a','r','c','h','6','4','_','_'
#elif defined(__ARM_ARCH_7A__)
# define KEY '_','_','A','R','M','_','A','R','C','H','_','7','A','_','_'
#elif defined(__ARM_ARCH_7S__)
# define KEY '_','_','A','R','M','_','A','R','C','H','_','7','S','_','_'
#endif

#define SIZE (sizeof(socklen_t))
static char info_size[] =  {'I', 'N', 'F', 'O', ':', 's','i','z','e','[',
  ('0' + ((SIZE / 10000)%10)),
  ('0' + ((SIZE / 1000)%10)),
  ('0' + ((SIZE / 100)%10)),
  ('0' + ((SIZE / 10)%10)),
  ('0' +  (SIZE    % 10)),
  ']',
#ifdef KEY
  ' ','k','e','y','[', KEY, ']',
#endif
  '\0'};

#ifdef __CLASSIC_C__
int main(argc, argv) int argc; char *argv[];
#else
int main(int argc, char *argv[])
#endif
{
  int require = 0;
  require += info_size[argc];
  (void)argv;
  return require;
}


Determining if the function floor exists failed with the following output:
Change Dir: /home/zhangsanbao/Project/School_Things/mariadb-connector-c-3.3.2-src/CMakeFiles/CMakeTmp

Run Build Command(s):/usr/bin/make cmTC_f081e/fast && /usr/bin/make -f CMakeFiles/cmTC_f081e.dir/build.make CMakeFiles/cmTC_f081e.dir/build
make[1]: Entering directory '/home/zhangsanbao/Project/School_Things/mariadb-connector-c-3.3.2-src/CMakeFiles/CMakeTmp'
Building C object CMakeFiles/cmTC_f081e.dir/CheckFunctionExists.c.o
/usr/bin/cc   -Wunused -Wlogical-op -Wno-uninitialized -Wall -Wextra -Wformat-security -Wno-init-self -Wwrite-strings -Wshift-count-overflow -Wdeclaration-after-statement -Wno-undef -Wno-unknown-pragmas -DCHECK_FUNCTION_EXISTS=floor   -o CMakeFiles/cmTC_f081e.dir/CheckFunctionExists.c.o   -c /usr/share/cmake-3.16/Modules/CheckFunctionExists.c
<command-line>: warning: conflicting types for built-in function ‘floor’; expected ‘double(double)’ [-Wbuiltin-declaration-mismatch]
/usr/share/cmake-3.16/Modules/CheckFunctionExists.c:7:3: note: in expansion of macro ‘CHECK_FUNCTION_EXISTS’
    7 |   CHECK_FUNCTION_EXISTS(void);
      |   ^~~~~~~~~~~~~~~~~~~~~
/usr/share/cmake-3.16/Modules/CheckFunctionExists.c:1:1: note: ‘floor’ is declared in header ‘<math.h>’
  +++ |+#include <math.h>
    1 | #ifdef CHECK_FUNCTION_EXISTS
Linking C executable cmTC_f081e
/usr/bin/cmake -E cmake_link_script CMakeFiles/cmTC_f081e.dir/link.txt --verbose=1
/usr/bin/cc  -Wunused -Wlogical-op -Wno-uninitialized -Wall -Wextra -Wformat-security -Wno-init-self -Wwrite-strings -Wshift-count-overflow -Wdeclaration-after-statement -Wno-undef -Wno-unknown-pragmas -DCHECK_FUNCTION_EXISTS=floor    -rdynamic CMakeFiles/cmTC_f081e.dir/CheckFunctionExists.c.o  -o cmTC_f081e 
/usr/bin/ld: CMakeFiles/cmTC_f081e.dir/CheckFunctionExists.c.o: in function `main':
CheckFunctionExists.c:(.text+0x14): undefined reference to `floor'
collect2: error: ld returned 1 exit status
make[1]: *** [CMakeFiles/cmTC_f081e.dir/build.make:87: cmTC_f081e] Error 1
make[1]: Leaving directory '/home/zhangsanbao/Project/School_Things/mariadb-connector-c-3.3.2-src/CMakeFiles/CMakeTmp'
make: *** [Makefile:121: cmTC_f081e/fast] Error 2



Determining if the function pthread_getspecific exists failed with the following output:
Change Dir: /home/zhangsanbao/Project/School_Things/mariadb-connector-c-3.3.2-src/CMakeFiles/CMakeTmp

Run Build Command(s):/usr/bin/make cmTC_0e400/fast && /usr/bin/make -f CMakeFiles/cmTC_0e400.dir/build.make CMakeFiles/cmTC_0e400.dir/build
make[1]: Entering directory '/home/zhangsanbao/Project/School_Things/mariadb-connector-c-3.3.2-src/CMakeFiles/CMakeTmp'
Building C object CMakeFiles/cmTC_0e400.dir/CheckFunctionExists.c.o
/usr/bin/cc   -Wunused -Wlogical-op -Wno-uninitialized -Wall -Wextra -Wformat-security -Wno-init-self -Wwrite-strings -Wshift-count-overflow -Wdeclaration-after-statement -Wno-undef -Wno-unknown-pragmas -DCHECK_FUNCTION_EXISTS=pthread_getspecific   -o CMakeFiles/cmTC_0e400.dir/CheckFunctionExists.c.o   -c /usr/share/cmake-3.16/Modules/CheckFunctionExists.c
Linking C executable cmTC_0e400
/usr/bin/cmake -E cmake_link_script CMakeFiles/cmTC_0e400.dir/link.txt --verbose=1
/usr/bin/cc  -Wunused -Wlogical-op -Wno-uninitialized -Wall -Wextra -Wformat-security -Wno-init-self -Wwrite-strings -Wshift-count-overflow -Wdeclaration-after-statement -Wno-undef -Wno-unknown-pragmas -DCHECK_FUNCTION_EXISTS=pthread_getspecific    -rdynamic CMakeFiles/cmTC_0e400.dir/CheckFunctionExists.c.o  -o cmTC_0e400 
/usr/bin/ld: CMakeFiles/cmTC_0e400.dir/CheckFunctionExists.c.o: in function `main':
CheckFunctionExists.c:(.text+0x14): undefined reference to `pthread_getspecific'
collect2: error: ld returned 1 exit status
make[1]: *** [CMakeFiles/cmTC_0e400.dir/build.make:87: cmTC_0e400] Error 1
make[1]: Leaving directory '/home/zhangsanbao/Project/School_Things/mariadb-connector-c-3.3.2-src/CMakeFiles/CMakeTmp'
make: *** [Makefile:121: cmTC_0e400/fast] Error 2



Performing C SOURCE FILE Test CMAKE_HAVE_LIBC_PTHREAD failed with the following output:
Change Dir: /home/zhangsanbao/Project/School_Things/mariadb-connector-c-3.3.2-src/CMakeFiles/CMakeTmp

Run Build Command(s):/usr/bin/make cmTC_eb22d/fast && /usr/bin/make -f CMakeFiles/cmTC_eb22d.dir/build.make CMakeFiles/cmTC_eb22d.dir/build
make[1]: Entering directory '/home/zhangsanbao/Project/School_Things/mariadb-connector-c-3.3.2-src/CMakeFiles/CMakeTmp'
Building C object CMakeFiles/cmTC_eb22d.dir/src.c.o
/usr/bin/cc   -Wunused -Wlogical-op -Wno-uninitialized -Wall -Wextra -Wformat-security -Wno-init-self -Wwrite-strings -Wshift-count-overflow -Wdeclaration-after-statement -Wno-undef -Wno-unknown-pragmas -DCMAKE_HAVE_LIBC_PTHREAD   -o CMakeFiles/cmTC_eb22d.dir/src.c.o   -c /home/zhangsanbao/Project/School_Things/mariadb-connector-c-3.3.2-src/CMakeFiles/CMakeTmp/src.c
Linking C executable cmTC_eb22d
/usr/bin/cmake -E cmake_link_script CMakeFiles/cmTC_eb22d.dir/link.txt --verbose=1
/usr/bin/cc  -Wunused -Wlogical-op -Wno-uninitialized -Wall -Wextra -Wformat-security -Wno-init-self -Wwrite-strings -Wshift-count-overflow -Wdeclaration-after-statement -Wno-undef -Wno-unknown-pragmas -DCMAKE_HAVE_LIBC_PTHREAD    -rdynamic CMakeFiles/cmTC_eb22d.dir/src.c.o  -o cmTC_eb22d 
/usr/bin/ld: CMakeFiles/cmTC_eb22d.dir/src.c.o: in function `main':
src.c:(.text+0x46): undefined reference to `pthread_create'
/usr/bin/ld: src.c:(.text+0x52): undefined reference to `pthread_detach'
/usr/bin/ld: src.c:(.text+0x63): undefined reference to `pthread_join'
collect2: error: ld returned 1 exit status
make[1]: *** [CMakeFiles/cmTC_eb22d.dir/build.make:87: cmTC_eb22d] Error 1
make[1]: Leaving directory '/home/zhangsanbao/Project/School_Things/mariadb-connector-c-3.3.2-src/CMakeFiles/CMakeTmp'
make: *** [Makefile:121: cmTC_eb22d/fast] Error 2


Source file was:
#include <pthread.h>

void* test_func(void* data)
{
  return data;
}

int main(void)
{
  pthread_t thread;
  pthread_create(&thread, NULL, test_func, NULL);
  pthread_detach(thread);
  pthread_join(thread, NULL);
  pthread_atfork(NULL, NULL, NULL);
  pthread_exit(NULL);

  return 0;
}

Determining if the function pthread_create exists in the pthreads failed with the following output:
Change Dir: /home/zhangsanbao/Project/School_Things/mariadb-connector-c-3.3.2-src/CMakeFiles/CMakeTmp

Run Build Command(s):/usr/bin/make cmTC_8e31d/fast && /usr/bin/make -f CMakeFiles/cmTC_8e31d.dir/build.make CMakeFiles/cmTC_8e31d.dir/build
make[1]: Entering directory '/home/zhangsanbao/Project/School_Things/mariadb-connector-c-3.3.2-src/CMakeFiles/CMakeTmp'
Building C object CMakeFiles/cmTC_8e31d.dir/CheckFunctionExists.c.o
/usr/bin/cc   -Wunused -Wlogical-op -Wno-uninitialized -Wall -Wextra -Wformat-security -Wno-init-self -Wwrite-strings -Wshift-count-overflow -Wdeclaration-after-statement -Wno-undef -Wno-unknown-pragmas -DCHECK_FUNCTION_EXISTS=pthread_create   -o CMakeFiles/cmTC_8e31d.dir/CheckFunctionExists.c.o   -c /usr/share/cmake-3.16/Modules/CheckFunctionExists.c
Linking C executable cmTC_8e31d
/usr/bin/cmake -E cmake_link_script CMakeFiles/cmTC_8e31d.dir/link.txt --verbose=1
/usr/bin/cc  -Wunused -Wlogical-op -Wno-uninitialized -Wall -Wextra -Wformat-security -Wno-init-self -Wwrite-strings -Wshift-count-overflow -Wdeclaration-after-statement -Wno-undef -Wno-unknown-pragmas -DCHECK_FUNCTION_EXISTS=pthread_create    -rdynamic CMakeFiles/cmTC_8e31d.dir/CheckFunctionExists.c.o  -o cmTC_8e31d  -lpthreads 
/usr/bin/ld: cannot find -lpthreads
collect2: error: ld returned 1 exit status
make[1]: *** [CMakeFiles/cmTC_8e31d.dir/build.make:87: cmTC_8e31d] Error 1
make[1]: Leaving directory '/home/zhangsanbao/Project/School_Things/mariadb-connector-c-3.3.2-src/CMakeFiles/CMakeTmp'
make: *** [Makefile:121: cmTC_8e31d/fast] Error 2



